<?xml version="1.0" encoding="UTF-8"?>
<!-- Generated by org.testng.reporters.JUnitReportReporter -->
<testsuite hostname="Rajveer" failures="0" tests="1" name="testCases.TC_001_AccountRegistrationTest" time="1.966" errors="0" timestamp="2024-04-02T00:27:53 IST" skipped="0">
  <testcase classname="testCases.TC_001_AccountRegistrationTest" name="verify_account_registration" time="1.966"/>
</testsuite> <!-- testCases.TC_001_AccountRegistrationTest -->
