<?xml version="1.0" encoding="UTF-8"?>
<!-- Generated by org.testng.reporters.JUnitReportReporter -->
<testsuite hostname="Rajveer" failures="0" tests="1" name="testCases.TC_002_LoginTest" time="1.087" errors="0" timestamp="2024-03-31T18:09:02 IST" skipped="0">
  <testcase classname="testCases.TC_002_LoginTest" name="verifyLogin" time="1.087"/>
</testsuite> <!-- testCases.TC_002_LoginTest -->
